[2010-01-09 17:19:41] local.ERROR: PDOException: SQLSTATE[HY000] [1045] Access denied for user 'forge'@'localhost' (using password: YES) in D:\Laravel Projects - TP\EmptyProject\vendor\laravel\framework\src\Illuminate\Database\Connectors\Connector.php:55
Stack trace:
#0 D:\Laravel Projects - TP\EmptyProject\vendor\laravel\framework\src\Illuminate\Database\Connectors\Connector.php(55): PDO->__construct('mysql:host=127....', 'forge', 'beefoodCACHE_DR...', Array)
#1 D:\Laravel Projects - TP\EmptyProject\vendor\laravel\framework\src\Illuminate\Database\Connectors\MySqlConnector.php(24): Illuminate\Database\Connectors\Connector->createConnection('mysql:host=127....', Array, Array)
#2 D:\Laravel Projects - TP\EmptyProject\vendor\laravel\framework\src\Illuminate\Database\Connectors\ConnectionFactory.php(61): Illuminate\Database\Connectors\MySqlConnector->connect(Array)
#3 [internal function]: Illuminate\Database\Connectors\ConnectionFactory->Illuminate\Database\Connectors\{closure}()
#4 D:\Laravel Projects - TP\EmptyProject\vendor\laravel\framework\src\Illuminate\Database\Connection.php(924): call_user_func(Object(Closure))
#5 D:\Laravel Projects - TP\EmptyProject\vendor\laravel\framework\src\Illuminate\Database\Connection.php(792): Illuminate\Database\Connection->getPdo()
#6 D:\Laravel Projects - TP\EmptyProject\vendor\laravel\framework\src\Illuminate\Database\Connection.php(677): Illuminate\Database\Connection->reconnectIfMissingConnection()
#7 D:\Laravel Projects - TP\EmptyProject\vendor\laravel\framework\src\Illuminate\Database\Connection.php(349): Illuminate\Database\Connection->run('select * from i...', Array, Object(Closure))
#8 D:\Laravel Projects - TP\EmptyProject\vendor\laravel\framework\src\Illuminate\Database\Schema\MySqlBuilder.php(21): Illuminate\Database\Connection->select('select * from i...', Array)
#9 D:\Laravel Projects - TP\EmptyProject\vendor\laravel\framework\src\Illuminate\Database\Migrations\DatabaseMigrationRepository.php(141): Illuminate\Database\Schema\MySqlBuilder->hasTable('migrations')
#10 D:\Laravel Projects - TP\EmptyProject\vendor\laravel\framework\src\Illuminate\Database\Migrations\Migrator.php(404): Illuminate\Database\Migrations\DatabaseMigrationRepository->repositoryExists()
#11 D:\Laravel Projects - TP\EmptyProject\vendor\laravel\framework\src\Illuminate\Database\Console\Migrations\MigrateCommand.php(103): Illuminate\Database\Migrations\Migrator->repositoryExists()
#12 D:\Laravel Projects - TP\EmptyProject\vendor\laravel\framework\src\Illuminate\Database\Console\Migrations\MigrateCommand.php(58): Illuminate\Database\Console\Migrations\MigrateCommand->prepareDatabase()
#13 [internal function]: Illuminate\Database\Console\Migrations\MigrateCommand->fire()
#14 D:\Laravel Projects - TP\EmptyProject\vendor\laravel\framework\src\Illuminate\Container\Container.php(507): call_user_func_array(Array, Array)
#15 D:\Laravel Projects - TP\EmptyProject\vendor\laravel\framework\src\Illuminate\Console\Command.php(169): Illuminate\Container\Container->call(Array)
#16 D:\Laravel Projects - TP\EmptyProject\vendor\symfony\console\Command\Command.php(256): Illuminate\Console\Command->execute(Object(Symfony\Component\Console\Input\ArgvInput), Object(Symfony\Component\Console\Output\ConsoleOutput))
#17 D:\Laravel Projects - TP\EmptyProject\vendor\laravel\framework\src\Illuminate\Console\Command.php(155): Symfony\Component\Console\Command\Command->run(Object(Symfony\Component\Console\Input\ArgvInput), Object(Symfony\Component\Console\Output\ConsoleOutput))
#18 D:\Laravel Projects - TP\EmptyProject\vendor\symfony\console\Application.php(794): Illuminate\Console\Command->run(Object(Symfony\Component\Console\Input\ArgvInput), Object(Symfony\Component\Console\Output\ConsoleOutput))
#19 D:\Laravel Projects - TP\EmptyProject\vendor\symfony\console\Application.php(186): Symfony\Component\Console\Application->doRunCommand(Object(Illuminate\Database\Console\Migrations\MigrateCommand), Object(Symfony\Component\Console\Input\ArgvInput), Object(Symfony\Component\Console\Output\ConsoleOutput))
#20 D:\Laravel Projects - TP\EmptyProject\vendor\symfony\console\Application.php(117): Symfony\Component\Console\Application->doRun(Object(Symfony\Component\Console\Input\ArgvInput), Object(Symfony\Component\Console\Output\ConsoleOutput))
#21 D:\Laravel Projects - TP\EmptyProject\vendor\laravel\framework\src\Illuminate\Foundation\Console\Kernel.php(107): Symfony\Component\Console\Application->run(Object(Symfony\Component\Console\Input\ArgvInput), Object(Symfony\Component\Console\Output\ConsoleOutput))
#22 D:\Laravel Projects - TP\EmptyProject\artisan(35): Illuminate\Foundation\Console\Kernel->handle(Object(Symfony\Component\Console\Input\ArgvInput), Object(Symfony\Component\Console\Output\ConsoleOutput))
#23 {main}  
[2010-01-09 17:20:45] local.ERROR: PDOException: SQLSTATE[HY000] [1045] Access denied for user 'forge'@'localhost' (using password: YES) in D:\Laravel Projects - TP\EmptyProject\vendor\laravel\framework\src\Illuminate\Database\Connectors\Connector.php:55
Stack trace:
#0 D:\Laravel Projects - TP\EmptyProject\vendor\laravel\framework\src\Illuminate\Database\Connectors\Connector.php(55): PDO->__construct('mysql:host=127....', 'forge', 'beefoodCACHE_DR...', Array)
#1 D:\Laravel Projects - TP\EmptyProject\vendor\laravel\framework\src\Illuminate\Database\Connectors\MySqlConnector.php(24): Illuminate\Database\Connectors\Connector->createConnection('mysql:host=127....', Array, Array)
#2 D:\Laravel Projects - TP\EmptyProject\vendor\laravel\framework\src\Illuminate\Database\Connectors\ConnectionFactory.php(61): Illuminate\Database\Connectors\MySqlConnector->connect(Array)
#3 [internal function]: Illuminate\Database\Connectors\ConnectionFactory->Illuminate\Database\Connectors\{closure}()
#4 D:\Laravel Projects - TP\EmptyProject\vendor\laravel\framework\src\Illuminate\Database\Connection.php(924): call_user_func(Object(Closure))
#5 D:\Laravel Projects - TP\EmptyProject\vendor\laravel\framework\src\Illuminate\Database\Connection.php(792): Illuminate\Database\Connection->getPdo()
#6 D:\Laravel Projects - TP\EmptyProject\vendor\laravel\framework\src\Illuminate\Database\Connection.php(677): Illuminate\Database\Connection->reconnectIfMissingConnection()
#7 D:\Laravel Projects - TP\EmptyProject\vendor\laravel\framework\src\Illuminate\Database\Connection.php(349): Illuminate\Database\Connection->run('select * from i...', Array, Object(Closure))
#8 D:\Laravel Projects - TP\EmptyProject\vendor\laravel\framework\src\Illuminate\Database\Schema\MySqlBuilder.php(21): Illuminate\Database\Connection->select('select * from i...', Array)
#9 D:\Laravel Projects - TP\EmptyProject\vendor\laravel\framework\src\Illuminate\Database\Migrations\DatabaseMigrationRepository.php(141): Illuminate\Database\Schema\MySqlBuilder->hasTable('migrations')
#10 D:\Laravel Projects - TP\EmptyProject\vendor\laravel\framework\src\Illuminate\Database\Migrations\Migrator.php(404): Illuminate\Database\Migrations\DatabaseMigrationRepository->repositoryExists()
#11 D:\Laravel Projects - TP\EmptyProject\vendor\laravel\framework\src\Illuminate\Database\Console\Migrations\MigrateCommand.php(103): Illuminate\Database\Migrations\Migrator->repositoryExists()
#12 D:\Laravel Projects - TP\EmptyProject\vendor\laravel\framework\src\Illuminate\Database\Console\Migrations\MigrateCommand.php(58): Illuminate\Database\Console\Migrations\MigrateCommand->prepareDatabase()
#13 [internal function]: Illuminate\Database\Console\Migrations\MigrateCommand->fire()
#14 D:\Laravel Projects - TP\EmptyProject\vendor\laravel\framework\src\Illuminate\Container\Container.php(507): call_user_func_array(Array, Array)
#15 D:\Laravel Projects - TP\EmptyProject\vendor\laravel\framework\src\Illuminate\Console\Command.php(169): Illuminate\Container\Container->call(Array)
#16 D:\Laravel Projects - TP\EmptyProject\vendor\symfony\console\Command\Command.php(256): Illuminate\Console\Command->execute(Object(Symfony\Component\Console\Input\ArgvInput), Object(Symfony\Component\Console\Output\ConsoleOutput))
#17 D:\Laravel Projects - TP\EmptyProject\vendor\laravel\framework\src\Illuminate\Console\Command.php(155): Symfony\Component\Console\Command\Command->run(Object(Symfony\Component\Console\Input\ArgvInput), Object(Symfony\Component\Console\Output\ConsoleOutput))
#18 D:\Laravel Projects - TP\EmptyProject\vendor\symfony\console\Application.php(794): Illuminate\Console\Command->run(Object(Symfony\Component\Console\Input\ArgvInput), Object(Symfony\Component\Console\Output\ConsoleOutput))
#19 D:\Laravel Projects - TP\EmptyProject\vendor\symfony\console\Application.php(186): Symfony\Component\Console\Application->doRunCommand(Object(Illuminate\Database\Console\Migrations\MigrateCommand), Object(Symfony\Component\Console\Input\ArgvInput), Object(Symfony\Component\Console\Output\ConsoleOutput))
#20 D:\Laravel Projects - TP\EmptyProject\vendor\symfony\console\Application.php(117): Symfony\Component\Console\Application->doRun(Object(Symfony\Component\Console\Input\ArgvInput), Object(Symfony\Component\Console\Output\ConsoleOutput))
#21 D:\Laravel Projects - TP\EmptyProject\vendor\laravel\framework\src\Illuminate\Foundation\Console\Kernel.php(107): Symfony\Component\Console\Application->run(Object(Symfony\Component\Console\Input\ArgvInput), Object(Symfony\Component\Console\Output\ConsoleOutput))
#22 D:\Laravel Projects - TP\EmptyProject\artisan(35): Illuminate\Foundation\Console\Kernel->handle(Object(Symfony\Component\Console\Input\ArgvInput), Object(Symfony\Component\Console\Output\ConsoleOutput))
#23 {main}  
[2010-01-09 17:22:16] local.ERROR: PDOException: SQLSTATE[HY000] [1045] Access denied for user 'beefood'@'localhost' (using password: YES) in D:\Laravel Projects - TP\EmptyProject\vendor\laravel\framework\src\Illuminate\Database\Connectors\Connector.php:55
Stack trace:
#0 D:\Laravel Projects - TP\EmptyProject\vendor\laravel\framework\src\Illuminate\Database\Connectors\Connector.php(55): PDO->__construct('mysql:host=127....', 'beefood', 'beefood', Array)
#1 D:\Laravel Projects - TP\EmptyProject\vendor\laravel\framework\src\Illuminate\Database\Connectors\MySqlConnector.php(24): Illuminate\Database\Connectors\Connector->createConnection('mysql:host=127....', Array, Array)
#2 D:\Laravel Projects - TP\EmptyProject\vendor\laravel\framework\src\Illuminate\Database\Connectors\ConnectionFactory.php(61): Illuminate\Database\Connectors\MySqlConnector->connect(Array)
#3 [internal function]: Illuminate\Database\Connectors\ConnectionFactory->Illuminate\Database\Connectors\{closure}()
#4 D:\Laravel Projects - TP\EmptyProject\vendor\laravel\framework\src\Illuminate\Database\Connection.php(924): call_user_func(Object(Closure))
#5 D:\Laravel Projects - TP\EmptyProject\vendor\laravel\framework\src\Illuminate\Database\Connection.php(792): Illuminate\Database\Connection->getPdo()
#6 D:\Laravel Projects - TP\EmptyProject\vendor\laravel\framework\src\Illuminate\Database\Connection.php(677): Illuminate\Database\Connection->reconnectIfMissingConnection()
#7 D:\Laravel Projects - TP\EmptyProject\vendor\laravel\framework\src\Illuminate\Database\Connection.php(349): Illuminate\Database\Connection->run('select * from i...', Array, Object(Closure))
#8 D:\Laravel Projects - TP\EmptyProject\vendor\laravel\framework\src\Illuminate\Database\Schema\MySqlBuilder.php(21): Illuminate\Database\Connection->select('select * from i...', Array)
#9 D:\Laravel Projects - TP\EmptyProject\vendor\laravel\framework\src\Illuminate\Database\Migrations\DatabaseMigrationRepository.php(141): Illuminate\Database\Schema\MySqlBuilder->hasTable('migrations')
#10 D:\Laravel Projects - TP\EmptyProject\vendor\laravel\framework\src\Illuminate\Database\Migrations\Migrator.php(404): Illuminate\Database\Migrations\DatabaseMigrationRepository->repositoryExists()
#11 D:\Laravel Projects - TP\EmptyProject\vendor\laravel\framework\src\Illuminate\Database\Console\Migrations\MigrateCommand.php(103): Illuminate\Database\Migrations\Migrator->repositoryExists()
#12 D:\Laravel Projects - TP\EmptyProject\vendor\laravel\framework\src\Illuminate\Database\Console\Migrations\MigrateCommand.php(58): Illuminate\Database\Console\Migrations\MigrateCommand->prepareDatabase()
#13 [internal function]: Illuminate\Database\Console\Migrations\MigrateCommand->fire()
#14 D:\Laravel Projects - TP\EmptyProject\vendor\laravel\framework\src\Illuminate\Container\Container.php(507): call_user_func_array(Array, Array)
#15 D:\Laravel Projects - TP\EmptyProject\vendor\laravel\framework\src\Illuminate\Console\Command.php(169): Illuminate\Container\Container->call(Array)
#16 D:\Laravel Projects - TP\EmptyProject\vendor\symfony\console\Command\Command.php(256): Illuminate\Console\Command->execute(Object(Symfony\Component\Console\Input\ArgvInput), Object(Symfony\Component\Console\Output\ConsoleOutput))
#17 D:\Laravel Projects - TP\EmptyProject\vendor\laravel\framework\src\Illuminate\Console\Command.php(155): Symfony\Component\Console\Command\Command->run(Object(Symfony\Component\Console\Input\ArgvInput), Object(Symfony\Component\Console\Output\ConsoleOutput))
#18 D:\Laravel Projects - TP\EmptyProject\vendor\symfony\console\Application.php(794): Illuminate\Console\Command->run(Object(Symfony\Component\Console\Input\ArgvInput), Object(Symfony\Component\Console\Output\ConsoleOutput))
#19 D:\Laravel Projects - TP\EmptyProject\vendor\symfony\console\Application.php(186): Symfony\Component\Console\Application->doRunCommand(Object(Illuminate\Database\Console\Migrations\MigrateCommand), Object(Symfony\Component\Console\Input\ArgvInput), Object(Symfony\Component\Console\Output\ConsoleOutput))
#20 D:\Laravel Projects - TP\EmptyProject\vendor\symfony\console\Application.php(117): Symfony\Component\Console\Application->doRun(Object(Symfony\Component\Console\Input\ArgvInput), Object(Symfony\Component\Console\Output\ConsoleOutput))
#21 D:\Laravel Projects - TP\EmptyProject\vendor\laravel\framework\src\Illuminate\Foundation\Console\Kernel.php(107): Symfony\Component\Console\Application->run(Object(Symfony\Component\Console\Input\ArgvInput), Object(Symfony\Component\Console\Output\ConsoleOutput))
#22 D:\Laravel Projects - TP\EmptyProject\artisan(35): Illuminate\Foundation\Console\Kernel->handle(Object(Symfony\Component\Console\Input\ArgvInput), Object(Symfony\Component\Console\Output\ConsoleOutput))
#23 {main}  
[2010-01-09 17:22:56] local.ERROR: PDOException: SQLSTATE[HY000] [1045] Access denied for user 'beefood'@'localhost' (using password: YES) in D:\Laravel Projects - TP\EmptyProject\vendor\laravel\framework\src\Illuminate\Database\Connectors\Connector.php:55
Stack trace:
#0 D:\Laravel Projects - TP\EmptyProject\vendor\laravel\framework\src\Illuminate\Database\Connectors\Connector.php(55): PDO->__construct('mysql:host=127....', 'beefood', 'beefood', Array)
#1 D:\Laravel Projects - TP\EmptyProject\vendor\laravel\framework\src\Illuminate\Database\Connectors\MySqlConnector.php(24): Illuminate\Database\Connectors\Connector->createConnection('mysql:host=127....', Array, Array)
#2 D:\Laravel Projects - TP\EmptyProject\vendor\laravel\framework\src\Illuminate\Database\Connectors\ConnectionFactory.php(61): Illuminate\Database\Connectors\MySqlConnector->connect(Array)
#3 [internal function]: Illuminate\Database\Connectors\ConnectionFactory->Illuminate\Database\Connectors\{closure}()
#4 D:\Laravel Projects - TP\EmptyProject\vendor\laravel\framework\src\Illuminate\Database\Connection.php(924): call_user_func(Object(Closure))
#5 D:\Laravel Projects - TP\EmptyProject\vendor\laravel\framework\src\Illuminate\Database\Connection.php(792): Illuminate\Database\Connection->getPdo()
#6 D:\Laravel Projects - TP\EmptyProject\vendor\laravel\framework\src\Illuminate\Database\Connection.php(677): Illuminate\Database\Connection->reconnectIfMissingConnection()
#7 D:\Laravel Projects - TP\EmptyProject\vendor\laravel\framework\src\Illuminate\Database\Connection.php(349): Illuminate\Database\Connection->run('select * from i...', Array, Object(Closure))
#8 D:\Laravel Projects - TP\EmptyProject\vendor\laravel\framework\src\Illuminate\Database\Schema\MySqlBuilder.php(21): Illuminate\Database\Connection->select('select * from i...', Array)
#9 D:\Laravel Projects - TP\EmptyProject\vendor\laravel\framework\src\Illuminate\Database\Migrations\DatabaseMigrationRepository.php(141): Illuminate\Database\Schema\MySqlBuilder->hasTable('migrations')
#10 D:\Laravel Projects - TP\EmptyProject\vendor\laravel\framework\src\Illuminate\Database\Migrations\Migrator.php(404): Illuminate\Database\Migrations\DatabaseMigrationRepository->repositoryExists()
#11 D:\Laravel Projects - TP\EmptyProject\vendor\laravel\framework\src\Illuminate\Database\Console\Migrations\MigrateCommand.php(103): Illuminate\Database\Migrations\Migrator->repositoryExists()
#12 D:\Laravel Projects - TP\EmptyProject\vendor\laravel\framework\src\Illuminate\Database\Console\Migrations\MigrateCommand.php(58): Illuminate\Database\Console\Migrations\MigrateCommand->prepareDatabase()
#13 [internal function]: Illuminate\Database\Console\Migrations\MigrateCommand->fire()
#14 D:\Laravel Projects - TP\EmptyProject\vendor\laravel\framework\src\Illuminate\Container\Container.php(507): call_user_func_array(Array, Array)
#15 D:\Laravel Projects - TP\EmptyProject\vendor\laravel\framework\src\Illuminate\Console\Command.php(169): Illuminate\Container\Container->call(Array)
#16 D:\Laravel Projects - TP\EmptyProject\vendor\symfony\console\Command\Command.php(256): Illuminate\Console\Command->execute(Object(Symfony\Component\Console\Input\ArgvInput), Object(Symfony\Component\Console\Output\ConsoleOutput))
#17 D:\Laravel Projects - TP\EmptyProject\vendor\laravel\framework\src\Illuminate\Console\Command.php(155): Symfony\Component\Console\Command\Command->run(Object(Symfony\Component\Console\Input\ArgvInput), Object(Symfony\Component\Console\Output\ConsoleOutput))
#18 D:\Laravel Projects - TP\EmptyProject\vendor\symfony\console\Application.php(794): Illuminate\Console\Command->run(Object(Symfony\Component\Console\Input\ArgvInput), Object(Symfony\Component\Console\Output\ConsoleOutput))
#19 D:\Laravel Projects - TP\EmptyProject\vendor\symfony\console\Application.php(186): Symfony\Component\Console\Application->doRunCommand(Object(Illuminate\Database\Console\Migrations\MigrateCommand), Object(Symfony\Component\Console\Input\ArgvInput), Object(Symfony\Component\Console\Output\ConsoleOutput))
#20 D:\Laravel Projects - TP\EmptyProject\vendor\symfony\console\Application.php(117): Symfony\Component\Console\Application->doRun(Object(Symfony\Component\Console\Input\ArgvInput), Object(Symfony\Component\Console\Output\ConsoleOutput))
#21 D:\Laravel Projects - TP\EmptyProject\vendor\laravel\framework\src\Illuminate\Foundation\Console\Kernel.php(107): Symfony\Component\Console\Application->run(Object(Symfony\Component\Console\Input\ArgvInput), Object(Symfony\Component\Console\Output\ConsoleOutput))
#22 D:\Laravel Projects - TP\EmptyProject\artisan(35): Illuminate\Foundation\Console\Kernel->handle(Object(Symfony\Component\Console\Input\ArgvInput), Object(Symfony\Component\Console\Output\ConsoleOutput))
#23 {main}  
[2010-01-09 17:24:36] local.ERROR: PDOException: SQLSTATE[HY000] [1045] Access denied for user 'beefood'@'localhost' (using password: YES) in D:\Laravel Projects - TP\EmptyProject\vendor\laravel\framework\src\Illuminate\Database\Connectors\Connector.php:55
Stack trace:
#0 D:\Laravel Projects - TP\EmptyProject\vendor\laravel\framework\src\Illuminate\Database\Connectors\Connector.php(55): PDO->__construct('mysql:host=127....', 'beefood', 'beefood', Array)
#1 D:\Laravel Projects - TP\EmptyProject\vendor\laravel\framework\src\Illuminate\Database\Connectors\MySqlConnector.php(24): Illuminate\Database\Connectors\Connector->createConnection('mysql:host=127....', Array, Array)
#2 D:\Laravel Projects - TP\EmptyProject\vendor\laravel\framework\src\Illuminate\Database\Connectors\ConnectionFactory.php(61): Illuminate\Database\Connectors\MySqlConnector->connect(Array)
#3 [internal function]: Illuminate\Database\Connectors\ConnectionFactory->Illuminate\Database\Connectors\{closure}()
#4 D:\Laravel Projects - TP\EmptyProject\vendor\laravel\framework\src\Illuminate\Database\Connection.php(924): call_user_func(Object(Closure))
#5 D:\Laravel Projects - TP\EmptyProject\vendor\laravel\framework\src\Illuminate\Database\Connection.php(792): Illuminate\Database\Connection->getPdo()
#6 D:\Laravel Projects - TP\EmptyProject\vendor\laravel\framework\src\Illuminate\Database\Connection.php(677): Illuminate\Database\Connection->reconnectIfMissingConnection()
#7 D:\Laravel Projects - TP\EmptyProject\vendor\laravel\framework\src\Illuminate\Database\Connection.php(349): Illuminate\Database\Connection->run('select * from i...', Array, Object(Closure))
#8 D:\Laravel Projects - TP\EmptyProject\vendor\laravel\framework\src\Illuminate\Database\Schema\MySqlBuilder.php(21): Illuminate\Database\Connection->select('select * from i...', Array)
#9 D:\Laravel Projects - TP\EmptyProject\vendor\laravel\framework\src\Illuminate\Database\Migrations\DatabaseMigrationRepository.php(141): Illuminate\Database\Schema\MySqlBuilder->hasTable('migrations')
#10 D:\Laravel Projects - TP\EmptyProject\vendor\laravel\framework\src\Illuminate\Database\Migrations\Migrator.php(404): Illuminate\Database\Migrations\DatabaseMigrationRepository->repositoryExists()
#11 D:\Laravel Projects - TP\EmptyProject\vendor\laravel\framework\src\Illuminate\Database\Console\Migrations\MigrateCommand.php(103): Illuminate\Database\Migrations\Migrator->repositoryExists()
#12 D:\Laravel Projects - TP\EmptyProject\vendor\laravel\framework\src\Illuminate\Database\Console\Migrations\MigrateCommand.php(58): Illuminate\Database\Console\Migrations\MigrateCommand->prepareDatabase()
#13 [internal function]: Illuminate\Database\Console\Migrations\MigrateCommand->fire()
#14 D:\Laravel Projects - TP\EmptyProject\vendor\laravel\framework\src\Illuminate\Container\Container.php(507): call_user_func_array(Array, Array)
#15 D:\Laravel Projects - TP\EmptyProject\vendor\laravel\framework\src\Illuminate\Console\Command.php(169): Illuminate\Container\Container->call(Array)
#16 D:\Laravel Projects - TP\EmptyProject\vendor\symfony\console\Command\Command.php(256): Illuminate\Console\Command->execute(Object(Symfony\Component\Console\Input\ArgvInput), Object(Symfony\Component\Console\Output\ConsoleOutput))
#17 D:\Laravel Projects - TP\EmptyProject\vendor\laravel\framework\src\Illuminate\Console\Command.php(155): Symfony\Component\Console\Command\Command->run(Object(Symfony\Component\Console\Input\ArgvInput), Object(Symfony\Component\Console\Output\ConsoleOutput))
#18 D:\Laravel Projects - TP\EmptyProject\vendor\symfony\console\Application.php(794): Illuminate\Console\Command->run(Object(Symfony\Component\Console\Input\ArgvInput), Object(Symfony\Component\Console\Output\ConsoleOutput))
#19 D:\Laravel Projects - TP\EmptyProject\vendor\symfony\console\Application.php(186): Symfony\Component\Console\Application->doRunCommand(Object(Illuminate\Database\Console\Migrations\MigrateCommand), Object(Symfony\Component\Console\Input\ArgvInput), Object(Symfony\Component\Console\Output\ConsoleOutput))
#20 D:\Laravel Projects - TP\EmptyProject\vendor\symfony\console\Application.php(117): Symfony\Component\Console\Application->doRun(Object(Symfony\Component\Console\Input\ArgvInput), Object(Symfony\Component\Console\Output\ConsoleOutput))
#21 D:\Laravel Projects - TP\EmptyProject\vendor\laravel\framework\src\Illuminate\Foundation\Console\Kernel.php(107): Symfony\Component\Console\Application->run(Object(Symfony\Component\Console\Input\ArgvInput), Object(Symfony\Component\Console\Output\ConsoleOutput))
#22 D:\Laravel Projects - TP\EmptyProject\artisan(35): Illuminate\Foundation\Console\Kernel->handle(Object(Symfony\Component\Console\Input\ArgvInput), Object(Symfony\Component\Console\Output\ConsoleOutput))
#23 {main}  
[2010-01-09 18:00:22] local.ERROR: Symfony\Component\Debug\Exception\FatalThrowableError: Parse error: syntax error, unexpected ')', expecting '{' in D:\Laravel Projects - TP\EmptyProject\app\Http\routes.php:17
Stack trace:
#0 [internal function]: App\Providers\RouteServiceProvider->App\Providers\{closure}(Object(Illuminate\Routing\Router))
#1 D:\Laravel Projects - TP\EmptyProject\vendor\laravel\framework\src\Illuminate\Routing\Router.php(398): call_user_func(Object(Closure), Object(Illuminate\Routing\Router))
#2 D:\Laravel Projects - TP\EmptyProject\app\Providers\RouteServiceProvider.php(59): Illuminate\Routing\Router->group(Array, Object(Closure))
#3 D:\Laravel Projects - TP\EmptyProject\app\Providers\RouteServiceProvider.php(40): App\Providers\RouteServiceProvider->mapWebRoutes(Object(Illuminate\Routing\Router))
#4 [internal function]: App\Providers\RouteServiceProvider->map(Object(Illuminate\Routing\Router))
#5 D:\Laravel Projects - TP\EmptyProject\vendor\laravel\framework\src\Illuminate\Container\Container.php(507): call_user_func_array(Array, Array)
#6 D:\Laravel Projects - TP\EmptyProject\vendor\laravel\framework\src\Illuminate\Foundation\Support\Providers\RouteServiceProvider.php(72): Illuminate\Container\Container->call(Array)
#7 D:\Laravel Projects - TP\EmptyProject\vendor\laravel\framework\src\Illuminate\Foundation\Support\Providers\RouteServiceProvider.php(31): Illuminate\Foundation\Support\Providers\RouteServiceProvider->loadRoutes()
#8 D:\Laravel Projects - TP\EmptyProject\app\Providers\RouteServiceProvider.php(29): Illuminate\Foundation\Support\Providers\RouteServiceProvider->boot(Object(Illuminate\Routing\Router))
#9 [internal function]: App\Providers\RouteServiceProvider->boot(Object(Illuminate\Routing\Router))
#10 D:\Laravel Projects - TP\EmptyProject\vendor\laravel\framework\src\Illuminate\Container\Container.php(507): call_user_func_array(Array, Array)
#11 D:\Laravel Projects - TP\EmptyProject\vendor\laravel\framework\src\Illuminate\Foundation\Application.php(757): Illuminate\Container\Container->call(Array)
#12 D:\Laravel Projects - TP\EmptyProject\vendor\laravel\framework\src\Illuminate\Foundation\Application.php(740): Illuminate\Foundation\Application->bootProvider(Object(App\Providers\RouteServiceProvider))
#13 [internal function]: Illuminate\Foundation\Application->Illuminate\Foundation\{closure}(Object(App\Providers\RouteServiceProvider), 14)
#14 D:\Laravel Projects - TP\EmptyProject\vendor\laravel\framework\src\Illuminate\Foundation\Application.php(741): array_walk(Array, Object(Closure))
#15 D:\Laravel Projects - TP\EmptyProject\vendor\laravel\framework\src\Illuminate\Foundation\Bootstrap\BootProviders.php(17): Illuminate\Foundation\Application->boot()
#16 D:\Laravel Projects - TP\EmptyProject\vendor\laravel\framework\src\Illuminate\Foundation\Application.php(203): Illuminate\Foundation\Bootstrap\BootProviders->bootstrap(Object(Illuminate\Foundation\Application))
#17 D:\Laravel Projects - TP\EmptyProject\vendor\laravel\framework\src\Illuminate\Foundation\Http\Kernel.php(232): Illuminate\Foundation\Application->bootstrapWith(Array)
#18 D:\Laravel Projects - TP\EmptyProject\vendor\laravel\framework\src\Illuminate\Foundation\Http\Kernel.php(127): Illuminate\Foundation\Http\Kernel->bootstrap()
#19 D:\Laravel Projects - TP\EmptyProject\vendor\laravel\framework\src\Illuminate\Foundation\Http\Kernel.php(99): Illuminate\Foundation\Http\Kernel->sendRequestThroughRouter(Object(Illuminate\Http\Request))
#20 D:\Laravel Projects - TP\EmptyProject\public\index.php(53): Illuminate\Foundation\Http\Kernel->handle(Object(Illuminate\Http\Request))
#21 D:\Laravel Projects - TP\EmptyProject\server.php(21): require_once('D:\\Laravel Proj...')
#22 {main}  
[2010-01-09 18:00:54] local.ERROR: Symfony\Component\Debug\Exception\FatalThrowableError: Parse error: syntax error, unexpected ')', expecting '{' in D:\Laravel Projects - TP\EmptyProject\app\Http\routes.php:17
Stack trace:
#0 [internal function]: App\Providers\RouteServiceProvider->App\Providers\{closure}(Object(Illuminate\Routing\Router))
#1 D:\Laravel Projects - TP\EmptyProject\vendor\laravel\framework\src\Illuminate\Routing\Router.php(398): call_user_func(Object(Closure), Object(Illuminate\Routing\Router))
#2 D:\Laravel Projects - TP\EmptyProject\app\Providers\RouteServiceProvider.php(59): Illuminate\Routing\Router->group(Array, Object(Closure))
#3 D:\Laravel Projects - TP\EmptyProject\app\Providers\RouteServiceProvider.php(40): App\Providers\RouteServiceProvider->mapWebRoutes(Object(Illuminate\Routing\Router))
#4 [internal function]: App\Providers\RouteServiceProvider->map(Object(Illuminate\Routing\Router))
#5 D:\Laravel Projects - TP\EmptyProject\vendor\laravel\framework\src\Illuminate\Container\Container.php(507): call_user_func_array(Array, Array)
#6 D:\Laravel Projects - TP\EmptyProject\vendor\laravel\framework\src\Illuminate\Foundation\Support\Providers\RouteServiceProvider.php(72): Illuminate\Container\Container->call(Array)
#7 D:\Laravel Projects - TP\EmptyProject\vendor\laravel\framework\src\Illuminate\Foundation\Support\Providers\RouteServiceProvider.php(31): Illuminate\Foundation\Support\Providers\RouteServiceProvider->loadRoutes()
#8 D:\Laravel Projects - TP\EmptyProject\app\Providers\RouteServiceProvider.php(29): Illuminate\Foundation\Support\Providers\RouteServiceProvider->boot(Object(Illuminate\Routing\Router))
#9 [internal function]: App\Providers\RouteServiceProvider->boot(Object(Illuminate\Routing\Router))
#10 D:\Laravel Projects - TP\EmptyProject\vendor\laravel\framework\src\Illuminate\Container\Container.php(507): call_user_func_array(Array, Array)
#11 D:\Laravel Projects - TP\EmptyProject\vendor\laravel\framework\src\Illuminate\Foundation\Application.php(757): Illuminate\Container\Container->call(Array)
#12 D:\Laravel Projects - TP\EmptyProject\vendor\laravel\framework\src\Illuminate\Foundation\Application.php(740): Illuminate\Foundation\Application->bootProvider(Object(App\Providers\RouteServiceProvider))
#13 [internal function]: Illuminate\Foundation\Application->Illuminate\Foundation\{closure}(Object(App\Providers\RouteServiceProvider), 14)
#14 D:\Laravel Projects - TP\EmptyProject\vendor\laravel\framework\src\Illuminate\Foundation\Application.php(741): array_walk(Array, Object(Closure))
#15 D:\Laravel Projects - TP\EmptyProject\vendor\laravel\framework\src\Illuminate\Foundation\Bootstrap\BootProviders.php(17): Illuminate\Foundation\Application->boot()
#16 D:\Laravel Projects - TP\EmptyProject\vendor\laravel\framework\src\Illuminate\Foundation\Application.php(203): Illuminate\Foundation\Bootstrap\BootProviders->bootstrap(Object(Illuminate\Foundation\Application))
#17 D:\Laravel Projects - TP\EmptyProject\vendor\laravel\framework\src\Illuminate\Foundation\Http\Kernel.php(232): Illuminate\Foundation\Application->bootstrapWith(Array)
#18 D:\Laravel Projects - TP\EmptyProject\vendor\laravel\framework\src\Illuminate\Foundation\Http\Kernel.php(127): Illuminate\Foundation\Http\Kernel->bootstrap()
#19 D:\Laravel Projects - TP\EmptyProject\vendor\laravel\framework\src\Illuminate\Foundation\Http\Kernel.php(99): Illuminate\Foundation\Http\Kernel->sendRequestThroughRouter(Object(Illuminate\Http\Request))
#20 D:\Laravel Projects - TP\EmptyProject\public\index.php(53): Illuminate\Foundation\Http\Kernel->handle(Object(Illuminate\Http\Request))
#21 D:\Laravel Projects - TP\EmptyProject\server.php(21): require_once('D:\\Laravel Proj...')
#22 {main}  
[2010-01-09 18:00:56] local.ERROR: Symfony\Component\Debug\Exception\FatalThrowableError: Parse error: syntax error, unexpected ')', expecting '{' in D:\Laravel Projects - TP\EmptyProject\app\Http\routes.php:17
Stack trace:
#0 [internal function]: App\Providers\RouteServiceProvider->App\Providers\{closure}(Object(Illuminate\Routing\Router))
#1 D:\Laravel Projects - TP\EmptyProject\vendor\laravel\framework\src\Illuminate\Routing\Router.php(398): call_user_func(Object(Closure), Object(Illuminate\Routing\Router))
#2 D:\Laravel Projects - TP\EmptyProject\app\Providers\RouteServiceProvider.php(59): Illuminate\Routing\Router->group(Array, Object(Closure))
#3 D:\Laravel Projects - TP\EmptyProject\app\Providers\RouteServiceProvider.php(40): App\Providers\RouteServiceProvider->mapWebRoutes(Object(Illuminate\Routing\Router))
#4 [internal function]: App\Providers\RouteServiceProvider->map(Object(Illuminate\Routing\Router))
#5 D:\Laravel Projects - TP\EmptyProject\vendor\laravel\framework\src\Illuminate\Container\Container.php(507): call_user_func_array(Array, Array)
#6 D:\Laravel Projects - TP\EmptyProject\vendor\laravel\framework\src\Illuminate\Foundation\Support\Providers\RouteServiceProvider.php(72): Illuminate\Container\Container->call(Array)
#7 D:\Laravel Projects - TP\EmptyProject\vendor\laravel\framework\src\Illuminate\Foundation\Support\Providers\RouteServiceProvider.php(31): Illuminate\Foundation\Support\Providers\RouteServiceProvider->loadRoutes()
#8 D:\Laravel Projects - TP\EmptyProject\app\Providers\RouteServiceProvider.php(29): Illuminate\Foundation\Support\Providers\RouteServiceProvider->boot(Object(Illuminate\Routing\Router))
#9 [internal function]: App\Providers\RouteServiceProvider->boot(Object(Illuminate\Routing\Router))
#10 D:\Laravel Projects - TP\EmptyProject\vendor\laravel\framework\src\Illuminate\Container\Container.php(507): call_user_func_array(Array, Array)
#11 D:\Laravel Projects - TP\EmptyProject\vendor\laravel\framework\src\Illuminate\Foundation\Application.php(757): Illuminate\Container\Container->call(Array)
#12 D:\Laravel Projects - TP\EmptyProject\vendor\laravel\framework\src\Illuminate\Foundation\Application.php(740): Illuminate\Foundation\Application->bootProvider(Object(App\Providers\RouteServiceProvider))
#13 [internal function]: Illuminate\Foundation\Application->Illuminate\Foundation\{closure}(Object(App\Providers\RouteServiceProvider), 14)
#14 D:\Laravel Projects - TP\EmptyProject\vendor\laravel\framework\src\Illuminate\Foundation\Application.php(741): array_walk(Array, Object(Closure))
#15 D:\Laravel Projects - TP\EmptyProject\vendor\laravel\framework\src\Illuminate\Foundation\Bootstrap\BootProviders.php(17): Illuminate\Foundation\Application->boot()
#16 D:\Laravel Projects - TP\EmptyProject\vendor\laravel\framework\src\Illuminate\Foundation\Application.php(203): Illuminate\Foundation\Bootstrap\BootProviders->bootstrap(Object(Illuminate\Foundation\Application))
#17 D:\Laravel Projects - TP\EmptyProject\vendor\laravel\framework\src\Illuminate\Foundation\Http\Kernel.php(232): Illuminate\Foundation\Application->bootstrapWith(Array)
#18 D:\Laravel Projects - TP\EmptyProject\vendor\laravel\framework\src\Illuminate\Foundation\Http\Kernel.php(127): Illuminate\Foundation\Http\Kernel->bootstrap()
#19 D:\Laravel Projects - TP\EmptyProject\vendor\laravel\framework\src\Illuminate\Foundation\Http\Kernel.php(99): Illuminate\Foundation\Http\Kernel->sendRequestThroughRouter(Object(Illuminate\Http\Request))
#20 D:\Laravel Projects - TP\EmptyProject\public\index.php(53): Illuminate\Foundation\Http\Kernel->handle(Object(Illuminate\Http\Request))
#21 D:\Laravel Projects - TP\EmptyProject\server.php(21): require_once('D:\\Laravel Proj...')
#22 {main}  
